<?xml version="1.0" encoding="UTF-8"?>
<coverage generated="1530554870094" clover="3.2.0">
  <project timestamp="1530554870094" name="All files">
    <metrics statements="21" coveredstatements="21" conditionals="9" coveredconditionals="8" methods="3" coveredmethods="3" elements="33" coveredelements="32" complexity="0" loc="21" ncloc="21" packages="1" files="1" classes="1">
      <file name="highlighter.js" path="/home/seth/code/textio/highlighted-phrases/highlighter.js">
        <metrics statements="21" coveredstatements="21" conditionals="9" coveredconditionals="8" methods="3" coveredmethods="3"/>
        <line num="82" count="1" type="stmt"/>
        <line num="84" count="1" type="stmt"/>
        <line num="97" count="1" type="stmt"/>
        <line num="107" count="1" type="stmt"/>
        <line num="119" count="1" type="cond" truecount="1" falsecount="0"/>
        <line num="120" count="3" type="stmt"/>
        <line num="121" count="3" type="stmt"/>
        <line num="123" count="3" type="stmt"/>
        <line num="125" count="30" type="stmt"/>
        <line num="126" count="30" type="stmt"/>
        <line num="128" count="30" type="cond" truecount="2" falsecount="0"/>
        <line num="129" count="3" type="stmt"/>
        <line num="132" count="30" type="cond" truecount="2" falsecount="0"/>
        <line num="133" count="6" type="stmt"/>
        <line num="136" count="30" type="stmt"/>
        <line num="137" count="114" type="cond" truecount="2" falsecount="0"/>
        <line num="138" count="45" type="stmt"/>
        <line num="140" count="69" type="cond" truecount="1" falsecount="1"/>
        <line num="141" count="69" type="stmt"/>
        <line num="146" count="3" type="stmt"/>
        <line num="163" count="1" type="stmt"/>
      </file>
    </metrics>
  </project>
</coverage>
