{"/home/seth/code/textio/highlighted-phrases/highlighter.js": {"path":"/home/seth/code/textio/highlighted-phrases/highlighter.js","statementMap":{"0":{"start":{"line":82,"column":20},"end":{"line":82,"column":313}},"1":{"start":{"line":84,"column":19},"end":{"line":95,"column":1}},"2":{"start":{"line":97,"column":25},"end":{"line":105,"column":1}},"3":{"start":{"line":107,"column":23},"end":{"line":110,"column":1}},"4":{"start":{"line":119,"column":22},"end":{"line":147,"column":1}},"5":{"start":{"line":120,"column":2},"end":{"line":120,"column":37}},"6":{"start":{"line":121,"column":2},"end":{"line":121,"column":43}},"7":{"start":{"line":123,"column":2},"end":{"line":145,"column":5}},"8":{"start":{"line":125,"column":22},"end":{"line":125,"column":39}},"9":{"start":{"line":126,"column":18},"end":{"line":126,"column":43}},"10":{"start":{"line":128,"column":4},"end":{"line":130,"column":5}},"11":{"start":{"line":129,"column":6},"end":{"line":129,"column":52}},"12":{"start":{"line":132,"column":4},"end":{"line":134,"column":5}},"13":{"start":{"line":133,"column":6},"end":{"line":133,"column":53}},"14":{"start":{"line":136,"column":4},"end":{"line":144,"column":6}},"15":{"start":{"line":137,"column":6},"end":{"line":143,"column":7}},"16":{"start":{"line":138,"column":8},"end":{"line":138,"column":36}},"17":{"start":{"line":140,"column":8},"end":{"line":142,"column":9}},"18":{"start":{"line":141,"column":10},"end":{"line":141,"column":40}},"19":{"start":{"line":146,"column":2},"end":{"line":146,"column":17}},"20":{"start":{"line":163,"column":0},"end":{"line":163,"column":31}}},"fnMap":{"0":{"name":"(anonymous_0)","decl":{"start":{"line":119,"column":22},"end":{"line":119,"column":23}},"loc":{"start":{"line":119,"column":51},"end":{"line":147,"column":1}},"line":119},"1":{"name":"(anonymous_1)","decl":{"start":{"line":123,"column":33},"end":{"line":123,"column":34}},"loc":{"start":{"line":123,"column":40},"end":{"line":145,"column":3}},"line":123},"2":{"name":"(anonymous_2)","decl":{"start":{"line":136,"column":18},"end":{"line":136,"column":19}},"loc":{"start":{"line":136,"column":26},"end":{"line":144,"column":5}},"line":136}},"branchMap":{"0":{"loc":{"start":{"line":119,"column":34},"end":{"line":119,"column":46}},"type":"default-arg","locations":[{"start":{"line":119,"column":44},"end":{"line":119,"column":46}}],"line":119},"1":{"loc":{"start":{"line":128,"column":4},"end":{"line":130,"column":5}},"type":"if","locations":[{"start":{"line":128,"column":4},"end":{"line":130,"column":5}},{"start":{"line":128,"column":4},"end":{"line":130,"column":5}}],"line":128},"2":{"loc":{"start":{"line":132,"column":4},"end":{"line":134,"column":5}},"type":"if","locations":[{"start":{"line":132,"column":4},"end":{"line":134,"column":5}},{"start":{"line":132,"column":4},"end":{"line":134,"column":5}}],"line":132},"3":{"loc":{"start":{"line":137,"column":6},"end":{"line":143,"column":7}},"type":"if","locations":[{"start":{"line":137,"column":6},"end":{"line":143,"column":7}},{"start":{"line":137,"column":6},"end":{"line":143,"column":7}}],"line":137},"4":{"loc":{"start":{"line":140,"column":8},"end":{"line":142,"column":9}},"type":"if","locations":[{"start":{"line":140,"column":8},"end":{"line":142,"column":9}},{"start":{"line":140,"column":8},"end":{"line":142,"column":9}}],"line":140}},"s":{"0":1,"1":1,"2":1,"3":1,"4":1,"5":3,"6":3,"7":3,"8":30,"9":30,"10":30,"11":3,"12":30,"13":6,"14":30,"15":114,"16":45,"17":69,"18":69,"19":3,"20":1},"f":{"0":3,"1":30,"2":114},"b":{"0":[3],"1":[3,27],"2":[6,24],"3":[45,69],"4":[69,0]},"_coverageSchema":"332fd63041d2c1bcb487cc26dd0d5f7d97098a6c","hash":"c4bac69ff631ce8023d7777108b2a0601d80a7f6"}
}
