TN:
SF:/home/seth/code/textio/highlighted-phrases/highlighter.js
FN:119,(anonymous_0)
FN:123,(anonymous_1)
FN:136,(anonymous_2)
FNF:3
FNH:3
FNDA:3,(anonymous_0)
FNDA:30,(anonymous_1)
FNDA:114,(anonymous_2)
DA:82,1
DA:84,1
DA:97,1
DA:107,1
DA:119,1
DA:120,3
DA:121,3
DA:123,3
DA:125,30
DA:126,30
DA:128,30
DA:129,3
DA:132,30
DA:133,6
DA:136,30
DA:137,114
DA:138,45
DA:140,69
DA:141,69
DA:146,3
DA:163,1
LF:21
LH:21
BRDA:119,0,0,3
BRDA:128,1,0,3
BRDA:128,1,1,27
BRDA:132,2,0,6
BRDA:132,2,1,24
BRDA:137,3,0,45
BRDA:137,3,1,69
BRDA:140,4,0,69
BRDA:140,4,1,0
BRF:9
BRH:8
end_of_record
