<?xml version="1.0" encoding="UTF-8"?>
<coverage generated="1530125950849" clover="3.2.0">
  <project timestamp="1530125950850" name="All files">
    <metrics statements="46" coveredstatements="45" conditionals="18" coveredconditionals="16" methods="5" coveredmethods="5" elements="69" coveredelements="66" complexity="0" loc="46" ncloc="46" packages="1" files="1" classes="1">
      <file name="top10MostRepeatedPhrases.js" path="/home/seth/code/textio/top10MostRepeatedPhrases.js">
        <metrics statements="46" coveredstatements="45" conditionals="18" coveredconditionals="16" methods="5" coveredmethods="5"/>
        <line num="22" count="1" type="stmt"/>
        <line num="23" count="8" type="stmt"/>
        <line num="24" count="8" type="stmt"/>
        <line num="27" count="8" type="stmt"/>
        <line num="29" count="8" type="stmt"/>
        <line num="33" count="8" type="stmt"/>
        <line num="36" count="84" type="stmt"/>
        <line num="37" count="84" type="stmt"/>
        <line num="41" count="84" type="stmt"/>
        <line num="42" count="4517" type="cond" truecount="2" falsecount="0"/>
        <line num="43" count="4062" type="stmt"/>
        <line num="44" count="455" type="cond" truecount="2" falsecount="0"/>
        <line num="45" count="172" type="stmt"/>
        <line num="46" count="283" type="cond" truecount="1" falsecount="1"/>
        <line num="47" count="283" type="stmt"/>
        <line num="52" count="84" type="stmt"/>
        <line num="53" count="515" type="stmt"/>
        <line num="54" count="4517" type="stmt"/>
        <line num="55" count="4517" type="stmt"/>
        <line num="56" count="47211" type="cond" truecount="2" falsecount="0"/>
        <line num="57" count="4517" type="stmt"/>
        <line num="59" count="42694" type="stmt"/>
        <line num="62" count="4517" type="stmt"/>
        <line num="69" count="8" type="cond" truecount="1" falsecount="1"/>
        <line num="70" count="0" type="stmt"/>
        <line num="74" count="8" type="stmt"/>
        <line num="75" count="84" type="stmt"/>
        <line num="80" count="8" type="stmt"/>
        <line num="81" count="8" type="stmt"/>
        <line num="82" count="8" type="stmt"/>
        <line num="86" count="974" type="stmt"/>
        <line num="89" count="8" type="cond" truecount="2" falsecount="0"/>
        <line num="90" count="1" type="stmt"/>
        <line num="95" count="7" type="stmt"/>
        <line num="97" count="46" type="stmt"/>
        <line num="102" count="46" type="stmt"/>
        <line num="106" count="46" type="cond" truecount="2" falsecount="0"/>
        <line num="107" count="4" type="stmt"/>
        <line num="111" count="42" type="stmt"/>
        <line num="113" count="793" type="cond" truecount="2" falsecount="0"/>
        <line num="118" count="751" type="cond" truecount="2" falsecount="0"/>
        <line num="119" count="235" type="stmt"/>
        <line num="120" count="235" type="stmt"/>
        <line num="128" count="91" type="stmt"/>
        <line num="129" count="8" type="stmt"/>
        <line num="132" count="1" type="stmt"/>
      </file>
    </metrics>
  </project>
</coverage>
