{"/home/seth/code/textio/top10MostRepeatedPhrases.js": {"path":"/home/seth/code/textio/top10MostRepeatedPhrases.js","statementMap":{"0":{"start":{"line":22,"column":28},"end":{"line":130,"column":1}},"1":{"start":{"line":23,"column":28},"end":{"line":23,"column":30}},"2":{"start":{"line":24,"column":28},"end":{"line":24,"column":30}},"3":{"start":{"line":27,"column":21},"end":{"line":27,"column":47}},"4":{"start":{"line":29,"column":22},"end":{"line":29,"column":47}},"5":{"start":{"line":33,"column":31},"end":{"line":65,"column":3}},"6":{"start":{"line":36,"column":28},"end":{"line":36,"column":46}},"7":{"start":{"line":37,"column":20},"end":{"line":37,"column":46}},"8":{"start":{"line":41,"column":21},"end":{"line":49,"column":5}},"9":{"start":{"line":42,"column":6},"end":{"line":48,"column":7}},"10":{"start":{"line":43,"column":8},"end":{"line":43,"column":43}},"11":{"start":{"line":44,"column":13},"end":{"line":48,"column":7}},"12":{"start":{"line":45,"column":8},"end":{"line":45,"column":41}},"13":{"start":{"line":46,"column":13},"end":{"line":48,"column":7}},"14":{"start":{"line":47,"column":8},"end":{"line":47,"column":43}},"15":{"start":{"line":52,"column":4},"end":{"line":64,"column":5}},"16":{"start":{"line":53,"column":6},"end":{"line":63,"column":7}},"17":{"start":{"line":54,"column":25},"end":{"line":54,"column":41}},"18":{"start":{"line":55,"column":8},"end":{"line":61,"column":9}},"19":{"start":{"line":56,"column":10},"end":{"line":60,"column":11}},"20":{"start":{"line":57,"column":12},"end":{"line":57,"column":54}},"21":{"start":{"line":59,"column":12},"end":{"line":59,"column":55}},"22":{"start":{"line":62,"column":8},"end":{"line":62,"column":29}},"23":{"start":{"line":69,"column":2},"end":{"line":71,"column":3}},"24":{"start":{"line":70,"column":4},"end":{"line":70,"column":14}},"25":{"start":{"line":74,"column":2},"end":{"line":76,"column":3}},"26":{"start":{"line":75,"column":4},"end":{"line":75,"column":55}},"27":{"start":{"line":80,"column":27},"end":{"line":80,"column":57}},"28":{"start":{"line":81,"column":15},"end":{"line":81,"column":17}},"29":{"start":{"line":82,"column":20},"end":{"line":82,"column":22}},"30":{"start":{"line":86,"column":2},"end":{"line":86,"column":55}},"31":{"start":{"line":86,"column":34},"end":{"line":86,"column":53}},"32":{"start":{"line":89,"column":2},"end":{"line":125,"column":3}},"33":{"start":{"line":90,"column":4},"end":{"line":90,"column":31}},"34":{"start":{"line":95,"column":4},"end":{"line":124,"column":5}},"35":{"start":{"line":97,"column":22},"end":{"line":100,"column":7}},"36":{"start":{"line":102,"column":6},"end":{"line":102,"column":30}},"37":{"start":{"line":106,"column":6},"end":{"line":108,"column":7}},"38":{"start":{"line":107,"column":8},"end":{"line":107,"column":14}},"39":{"start":{"line":111,"column":6},"end":{"line":123,"column":7}},"40":{"start":{"line":113,"column":8},"end":{"line":122,"column":9}},"41":{"start":{"line":118,"column":10},"end":{"line":121,"column":11}},"42":{"start":{"line":119,"column":12},"end":{"line":119,"column":42}},"43":{"start":{"line":120,"column":12},"end":{"line":120,"column":16}},"44":{"start":{"line":128,"column":2},"end":{"line":128,"column":54}},"45":{"start":{"line":128,"column":27},"end":{"line":128,"column":52}},"46":{"start":{"line":129,"column":2},"end":{"line":129,"column":19}},"47":{"start":{"line":132,"column":0},"end":{"line":132,"column":37}}},"fnMap":{"0":{"name":"(anonymous_0)","decl":{"start":{"line":22,"column":28},"end":{"line":22,"column":29}},"loc":{"start":{"line":22,"column":42},"end":{"line":130,"column":1}},"line":22},"1":{"name":"(anonymous_1)","decl":{"start":{"line":33,"column":31},"end":{"line":33,"column":32}},"loc":{"start":{"line":33,"column":48},"end":{"line":65,"column":3}},"line":33},"2":{"name":"(anonymous_2)","decl":{"start":{"line":41,"column":21},"end":{"line":41,"column":22}},"loc":{"start":{"line":41,"column":38},"end":{"line":49,"column":5}},"line":41},"3":{"name":"(anonymous_3)","decl":{"start":{"line":86,"column":24},"end":{"line":86,"column":25}},"loc":{"start":{"line":86,"column":34},"end":{"line":86,"column":53}},"line":86},"4":{"name":"(anonymous_4)","decl":{"start":{"line":128,"column":17},"end":{"line":128,"column":18}},"loc":{"start":{"line":128,"column":27},"end":{"line":128,"column":52}},"line":128}},"branchMap":{"0":{"loc":{"start":{"line":42,"column":6},"end":{"line":48,"column":7}},"type":"if","locations":[{"start":{"line":42,"column":6},"end":{"line":48,"column":7}},{"start":{"line":42,"column":6},"end":{"line":48,"column":7}}],"line":42},"1":{"loc":{"start":{"line":44,"column":13},"end":{"line":48,"column":7}},"type":"if","locations":[{"start":{"line":44,"column":13},"end":{"line":48,"column":7}},{"start":{"line":44,"column":13},"end":{"line":48,"column":7}}],"line":44},"2":{"loc":{"start":{"line":46,"column":13},"end":{"line":48,"column":7}},"type":"if","locations":[{"start":{"line":46,"column":13},"end":{"line":48,"column":7}},{"start":{"line":46,"column":13},"end":{"line":48,"column":7}}],"line":46},"3":{"loc":{"start":{"line":56,"column":10},"end":{"line":60,"column":11}},"type":"if","locations":[{"start":{"line":56,"column":10},"end":{"line":60,"column":11}},{"start":{"line":56,"column":10},"end":{"line":60,"column":11}}],"line":56},"4":{"loc":{"start":{"line":69,"column":2},"end":{"line":71,"column":3}},"type":"if","locations":[{"start":{"line":69,"column":2},"end":{"line":71,"column":3}},{"start":{"line":69,"column":2},"end":{"line":71,"column":3}}],"line":69},"5":{"loc":{"start":{"line":89,"column":2},"end":{"line":125,"column":3}},"type":"if","locations":[{"start":{"line":89,"column":2},"end":{"line":125,"column":3}},{"start":{"line":89,"column":2},"end":{"line":125,"column":3}}],"line":89},"6":{"loc":{"start":{"line":106,"column":6},"end":{"line":108,"column":7}},"type":"if","locations":[{"start":{"line":106,"column":6},"end":{"line":108,"column":7}},{"start":{"line":106,"column":6},"end":{"line":108,"column":7}}],"line":106},"7":{"loc":{"start":{"line":113,"column":8},"end":{"line":122,"column":9}},"type":"if","locations":[{"start":{"line":113,"column":8},"end":{"line":122,"column":9}},{"start":{"line":113,"column":8},"end":{"line":122,"column":9}}],"line":113},"8":{"loc":{"start":{"line":118,"column":10},"end":{"line":121,"column":11}},"type":"if","locations":[{"start":{"line":118,"column":10},"end":{"line":121,"column":11}},{"start":{"line":118,"column":10},"end":{"line":121,"column":11}}],"line":118}},"s":{"0":1,"1":8,"2":8,"3":8,"4":8,"5":8,"6":84,"7":84,"8":84,"9":4517,"10":4062,"11":455,"12":172,"13":283,"14":283,"15":84,"16":515,"17":4517,"18":4517,"19":47211,"20":4517,"21":42694,"22":4517,"23":8,"24":0,"25":8,"26":84,"27":8,"28":8,"29":8,"30":8,"31":974,"32":8,"33":1,"34":7,"35":46,"36":46,"37":46,"38":4,"39":42,"40":793,"41":751,"42":235,"43":235,"44":8,"45":91,"46":8,"47":1},"f":{"0":8,"1":84,"2":4517,"3":974,"4":91},"b":{"0":[4062,455],"1":[172,283],"2":[283,0],"3":[4517,42694],"4":[0,8],"5":[1,7],"6":[4,42],"7":[751,42],"8":[235,516]},"_coverageSchema":"332fd63041d2c1bcb487cc26dd0d5f7d97098a6c","hash":"3ca07e63e5b7f17cf826cdec5ae6da3b19feab27"}
}
