TN:
SF:/home/seth/code/textio/top10MostRepeatedPhrases.js
FN:22,(anonymous_0)
FN:33,(anonymous_1)
FN:41,(anonymous_2)
FN:86,(anonymous_3)
FN:128,(anonymous_4)
FNF:5
FNH:5
FNDA:8,(anonymous_0)
FNDA:84,(anonymous_1)
FNDA:4517,(anonymous_2)
FNDA:974,(anonymous_3)
FNDA:91,(anonymous_4)
DA:22,1
DA:23,8
DA:24,8
DA:27,8
DA:29,8
DA:33,8
DA:36,84
DA:37,84
DA:41,84
DA:42,4517
DA:43,4062
DA:44,455
DA:45,172
DA:46,283
DA:47,283
DA:52,84
DA:53,515
DA:54,4517
DA:55,4517
DA:56,47211
DA:57,4517
DA:59,42694
DA:62,4517
DA:69,8
DA:70,0
DA:74,8
DA:75,84
DA:80,8
DA:81,8
DA:82,8
DA:86,974
DA:89,8
DA:90,1
DA:95,7
DA:97,46
DA:102,46
DA:106,46
DA:107,4
DA:111,42
DA:113,793
DA:118,751
DA:119,235
DA:120,235
DA:128,91
DA:129,8
DA:132,1
LF:46
LH:45
BRDA:42,0,0,4062
BRDA:42,0,1,455
BRDA:44,1,0,172
BRDA:44,1,1,283
BRDA:46,2,0,283
BRDA:46,2,1,0
BRDA:56,3,0,4517
BRDA:56,3,1,42694
BRDA:69,4,0,0
BRDA:69,4,1,8
BRDA:89,5,0,1
BRDA:89,5,1,7
BRDA:106,6,0,4
BRDA:106,6,1,42
BRDA:113,7,0,751
BRDA:113,7,1,42
BRDA:118,8,0,235
BRDA:118,8,1,516
BRF:18
BRH:16
end_of_record
